<?xml version="1.0" encoding="UTF-8"?>
<coverage generated="1328716239">
  <project timestamp="1328716239">
    <file name="/home/brettmack/gits/Jenkins-Test/src/controller/BankAccountController.php">
      <class name="BankAccountController" namespace="global" fullPackage="bankaccount.controller" package="bankaccount" subpackage="controller">
        <metrics methods="2" coveredmethods="2" conditionals="0" coveredconditionals="0" statements="13" coveredstatements="13" elements="15" coveredelements="15"/>
      </class>
      <line num="10" type="method" name="__construct" crap="1" count="4"/>
      <line num="12" type="stmt" count="4"/>
      <line num="13" type="stmt" count="4"/>
      <line num="15" type="method" name="execute" crap="3" count="3"/>
      <line num="18" type="stmt" count="3"/>
      <line num="21" type="stmt" count="3"/>
      <line num="22" type="stmt" count="1"/>
      <line num="26" type="stmt" count="2"/>
      <line num="29" type="stmt" count="2"/>
      <line num="30" type="stmt" count="1"/>
      <line num="31" type="stmt" count="1"/>
      <line num="32" type="stmt" count="1"/>
      <line num="35" type="stmt" count="1"/>
      <line num="36" type="stmt" count="1"/>
      <line num="38" type="stmt" count="1"/>
      <line num="41" type="stmt" count="0"/>
      <metrics loc="40" ncloc="36" classes="1" methods="2" coveredmethods="2" conditionals="0" coveredconditionals="0" statements="13" coveredstatements="13" elements="15" coveredelements="15"/>
    </file>
    <file name="/home/brettmack/gits/Jenkins-Test/src/controller/BankAccountListController.php">
      <class name="BankAccountListController" namespace="global" fullPackage="bankaccount.controller" package="bankaccount" subpackage="controller">
        <metrics methods="1" coveredmethods="1" conditionals="0" coveredconditionals="0" statements="2" coveredstatements="2" elements="3" coveredelements="3"/>
      </class>
      <line num="8" type="method" name="execute" crap="1" count="1"/>
      <line num="10" type="stmt" count="1"/>
      <line num="12" type="stmt" count="1"/>
      <line num="15" type="stmt" count="0"/>
      <metrics loc="14" ncloc="10" classes="1" methods="1" coveredmethods="1" conditionals="0" coveredconditionals="0" statements="2" coveredstatements="2" elements="3" coveredelements="3"/>
    </file>
    <file name="/home/brettmack/gits/Jenkins-Test/src/framework/ControllerException.php">
      <class name="ControllerException" namespace="global" fullPackage="bankaccount.framework" package="bankaccount" subpackage="framework">
        <metrics methods="0" coveredmethods="0" conditionals="0" coveredconditionals="0" statements="0" coveredstatements="0" elements="0" coveredelements="0"/>
      </class>
      <line num="7" type="stmt" count="1"/>
      <line num="9" type="stmt" count="0"/>
      <metrics loc="8" ncloc="4" classes="1" methods="0" coveredmethods="0" conditionals="0" coveredconditionals="0" statements="1" coveredstatements="1" elements="1" coveredelements="1"/>
    </file>
    <file name="/home/brettmack/gits/Jenkins-Test/src/framework/ControllerFactory.php">
      <class name="ControllerFactory" namespace="global" fullPackage="bankaccount.framework" package="bankaccount" subpackage="framework">
        <metrics methods="2" coveredmethods="2" conditionals="0" coveredconditionals="0" statements="13" coveredstatements="13" elements="15" coveredelements="15"/>
      </class>
      <line num="10" type="method" name="__construct" crap="1" count="3"/>
      <line num="12" type="stmt" count="3"/>
      <line num="13" type="stmt" count="3"/>
      <line num="15" type="method" name="getController" crap="3" count="3"/>
      <line num="18" type="stmt" count="3"/>
      <line num="19" type="stmt" count="1"/>
      <line num="20" type="stmt" count="1"/>
      <line num="21" type="stmt" count="1"/>
      <line num="25" type="stmt" count="2"/>
      <line num="26" type="stmt" count="1"/>
      <line num="27" type="stmt" count="1"/>
      <line num="28" type="stmt" count="1"/>
      <line num="32" type="stmt" count="1"/>
      <line num="33" type="stmt" count="1"/>
      <line num="35" type="stmt" count="1"/>
      <line num="38" type="stmt" count="0"/>
      <metrics loc="37" ncloc="33" classes="1" methods="2" coveredmethods="2" conditionals="0" coveredconditionals="0" statements="13" coveredstatements="13" elements="15" coveredelements="15"/>
    </file>
    <file name="/home/brettmack/gits/Jenkins-Test/src/framework/FrontController.php">
      <class name="FrontController" namespace="global" fullPackage="bankaccount.framework" package="bankaccount" subpackage="framework">
        <metrics methods="2" coveredmethods="2" conditionals="0" coveredconditionals="0" statements="13" coveredstatements="13" elements="15" coveredelements="15"/>
      </class>
      <line num="14" type="method" name="__construct" crap="1" count="1"/>
      <line num="16" type="stmt" count="1"/>
      <line num="17" type="stmt" count="1"/>
      <line num="18" type="stmt" count="1"/>
      <line num="19" type="stmt" count="1"/>
      <line num="20" type="stmt" count="1"/>
      <line num="21" type="stmt" count="1"/>
      <line num="23" type="method" name="dispatch" crap="1" count="1"/>
      <line num="25" type="stmt" count="1"/>
      <line num="26" type="stmt" count="1"/>
      <line num="27" type="stmt" count="1"/>
      <line num="29" type="stmt" count="1"/>
      <line num="30" type="stmt" count="1"/>
      <line num="31" type="stmt" count="1"/>
      <line num="33" type="stmt" count="1"/>
      <line num="36" type="stmt" count="0"/>
      <metrics loc="35" ncloc="31" classes="1" methods="2" coveredmethods="2" conditionals="0" coveredconditionals="0" statements="13" coveredstatements="13" elements="15" coveredelements="15"/>
    </file>
    <file name="/home/brettmack/gits/Jenkins-Test/src/framework/HashMap.php">
      <class name="HashMap" namespace="global" fullPackage="bankaccount.framework" package="bankaccount" subpackage="framework">
        <metrics methods="2" coveredmethods="2" conditionals="0" coveredconditionals="0" statements="5" coveredstatements="5" elements="7" coveredelements="7"/>
      </class>
      <line num="10" type="method" name="set" crap="1" count="1"/>
      <line num="12" type="stmt" count="1"/>
      <line num="13" type="stmt" count="1"/>
      <line num="15" type="method" name="get" crap="2" count="2"/>
      <line num="17" type="stmt" count="2"/>
      <line num="18" type="stmt" count="1"/>
      <line num="21" type="stmt" count="1"/>
      <line num="24" type="stmt" count="0"/>
      <metrics loc="23" ncloc="19" classes="1" methods="2" coveredmethods="2" conditionals="0" coveredconditionals="0" statements="5" coveredstatements="5" elements="7" coveredelements="7"/>
    </file>
    <file name="/home/brettmack/gits/Jenkins-Test/src/framework/IdentityMap.php">
      <class name="IdentityMap" namespace="global" fullPackage="bankaccount.framework" package="bankaccount" subpackage="framework">
        <metrics methods="6" coveredmethods="6" conditionals="0" coveredconditionals="0" statements="13" coveredstatements="13" elements="19" coveredelements="19"/>
      </class>
      <line num="11" type="method" name="__construct" crap="1" count="1"/>
      <line num="13" type="stmt" count="1"/>
      <line num="14" type="stmt" count="1"/>
      <line num="16" type="method" name="set" crap="1" count="1"/>
      <line num="18" type="stmt" count="1"/>
      <line num="19" type="stmt" count="1"/>
      <line num="20" type="stmt" count="1"/>
      <line num="22" type="method" name="hasObject" crap="1" count="1"/>
      <line num="24" type="stmt" count="1"/>
      <line num="27" type="method" name="getId" crap="2" count="2"/>
      <line num="29" type="stmt" count="2"/>
      <line num="30" type="stmt" count="1"/>
      <line num="33" type="stmt" count="1"/>
      <line num="36" type="method" name="hasId" crap="1" count="1"/>
      <line num="38" type="stmt" count="1"/>
      <line num="41" type="method" name="getObject" crap="2" count="2"/>
      <line num="43" type="stmt" count="2"/>
      <line num="44" type="stmt" count="1"/>
      <line num="47" type="stmt" count="1"/>
      <line num="50" type="stmt" count="0"/>
      <metrics loc="49" ncloc="45" classes="1" methods="6" coveredmethods="6" conditionals="0" coveredconditionals="0" statements="13" coveredstatements="13" elements="19" coveredelements="19"/>
    </file>
    <file name="/home/brettmack/gits/Jenkins-Test/src/framework/MapperException.php">
      <class name="MapperException" namespace="global" fullPackage="bankaccount.framework" package="bankaccount" subpackage="framework">
        <metrics methods="0" coveredmethods="0" conditionals="0" coveredconditionals="0" statements="0" coveredstatements="0" elements="0" coveredelements="0"/>
      </class>
      <line num="7" type="stmt" count="1"/>
      <line num="9" type="stmt" count="0"/>
      <metrics loc="8" ncloc="4" classes="1" methods="0" coveredmethods="0" conditionals="0" coveredconditionals="0" statements="1" coveredstatements="1" elements="1" coveredelements="1"/>
    </file>
    <file name="/home/brettmack/gits/Jenkins-Test/src/framework/MapperFactory.php">
      <class name="MapperFactory" namespace="global" fullPackage="bankaccount.framework" package="bankaccount" subpackage="framework">
        <metrics methods="2" coveredmethods="2" conditionals="0" coveredconditionals="0" statements="7" coveredstatements="7" elements="9" coveredelements="9"/>
      </class>
      <line num="10" type="method" name="__construct" crap="1" count="2"/>
      <line num="12" type="stmt" count="2"/>
      <line num="13" type="stmt" count="2"/>
      <line num="15" type="method" name="getMapper" crap="2" count="2"/>
      <line num="18" type="stmt" count="2"/>
      <line num="19" type="stmt" count="1"/>
      <line num="23" type="stmt" count="1"/>
      <line num="24" type="stmt" count="1"/>
      <line num="26" type="stmt" count="1"/>
      <line num="29" type="stmt" count="0"/>
      <metrics loc="28" ncloc="24" classes="1" methods="2" coveredmethods="2" conditionals="0" coveredconditionals="0" statements="7" coveredstatements="7" elements="9" coveredelements="9"/>
    </file>
    <file name="/home/brettmack/gits/Jenkins-Test/src/framework/Request.php">
      <class name="Request" namespace="global" fullPackage="bankaccount.framework" package="bankaccount" subpackage="framework">
        <metrics methods="2" coveredmethods="2" conditionals="0" coveredconditionals="0" statements="14" coveredstatements="14" elements="16" coveredelements="16"/>
      </class>
      <line num="10" type="method" name="__construct" crap="1" count="1"/>
      <line num="17" type="stmt" count="1"/>
      <line num="18" type="stmt" count="1"/>
      <line num="19" type="stmt" count="1"/>
      <line num="20" type="stmt" count="1"/>
      <line num="21" type="stmt" count="1"/>
      <line num="22" type="stmt" count="1"/>
      <line num="23" type="stmt" count="1"/>
      <line num="25" type="method" name="__call" crap="4" count="3"/>
      <line num="27" type="stmt" count="3"/>
      <line num="29" type="stmt" count="3"/>
      <line num="30" type="stmt" count="1"/>
      <line num="33" type="stmt" count="2"/>
      <line num="34" type="stmt" count="2"/>
      <line num="35" type="stmt" count="1"/>
      <line num="38" type="stmt" count="1"/>
      <line num="41" type="stmt" count="0"/>
      <metrics loc="40" ncloc="36" classes="1" methods="2" coveredmethods="2" conditionals="0" coveredconditionals="0" statements="14" coveredstatements="14" elements="16" coveredelements="16"/>
    </file>
    <file name="/home/brettmack/gits/Jenkins-Test/src/framework/Response.php">
      <class name="Response" namespace="global" fullPackage="bankaccount.framework" package="bankaccount" subpackage="framework">
        <metrics methods="2" coveredmethods="2" conditionals="0" coveredconditionals="0" statements="3" coveredstatements="3" elements="5" coveredelements="5"/>
      </class>
      <line num="10" type="method" name="addHeader" crap="1" count="1"/>
      <line num="12" type="stmt" count="1"/>
      <line num="13" type="stmt" count="1"/>
      <line num="15" type="method" name="getHeaders" crap="1" count="1"/>
      <line num="17" type="stmt" count="1"/>
      <line num="20" type="stmt" count="0"/>
      <metrics loc="19" ncloc="15" classes="1" methods="2" coveredmethods="2" conditionals="0" coveredconditionals="0" statements="3" coveredstatements="3" elements="5" coveredelements="5"/>
    </file>
    <file name="/home/brettmack/gits/Jenkins-Test/src/framework/Router.php">
      <class name="Router" namespace="global" fullPackage="bankaccount.framework" package="bankaccount" subpackage="framework">
        <metrics methods="1" coveredmethods="1" conditionals="0" coveredconditionals="0" statements="13" coveredstatements="13" elements="14" coveredelements="14"/>
      </class>
      <line num="8" type="method" name="route" crap="4" count="3"/>
      <line num="10" type="stmt" count="3"/>
      <line num="11" type="stmt" count="3"/>
      <line num="13" type="stmt" count="3"/>
      <line num="15" type="stmt" count="3"/>
      <line num="16" type="stmt" count="1"/>
      <line num="19" type="stmt" count="2"/>
      <line num="20" type="stmt" count="1"/>
      <line num="23" type="stmt" count="1"/>
      <line num="24" type="stmt" count="1"/>
      <line num="26" type="stmt" count="1"/>
      <line num="27" type="stmt" count="1"/>
      <line num="28" type="stmt" count="1"/>
      <line num="30" type="stmt" count="1"/>
      <line num="33" type="stmt" count="0"/>
      <metrics loc="32" ncloc="28" classes="1" methods="1" coveredmethods="1" conditionals="0" coveredconditionals="0" statements="13" coveredstatements="13" elements="14" coveredelements="14"/>
    </file>
    <file name="/home/brettmack/gits/Jenkins-Test/src/framework/RouterException.php">
      <class name="RouterException" namespace="global" fullPackage="bankaccount.framework" package="bankaccount" subpackage="framework">
        <metrics methods="0" coveredmethods="0" conditionals="0" coveredconditionals="0" statements="0" coveredstatements="0" elements="0" coveredelements="0"/>
      </class>
      <line num="7" type="stmt" count="1"/>
      <line num="9" type="stmt" count="0"/>
      <metrics loc="8" ncloc="4" classes="1" methods="0" coveredmethods="0" conditionals="0" coveredconditionals="0" statements="1" coveredstatements="1" elements="1" coveredelements="1"/>
    </file>
    <file name="/home/brettmack/gits/Jenkins-Test/src/framework/View.php">
      <class name="View" namespace="global" fullPackage="bankaccount.framework" package="bankaccount" subpackage="framework">
        <metrics methods="2" coveredmethods="1" conditionals="0" coveredconditionals="0" statements="2" coveredstatements="2" elements="4" coveredelements="3"/>
      </class>
      <line num="10" type="method" name="__construct" crap="1" count="1"/>
      <line num="12" type="stmt" count="1"/>
      <line num="13" type="stmt" count="1"/>
      <line num="15" type="method" name="render" crap="1" count="0"/>
      <metrics loc="16" ncloc="12" classes="1" methods="1" coveredmethods="1" conditionals="0" coveredconditionals="0" statements="2" coveredstatements="2" elements="3" coveredelements="3"/>
    </file>
    <file name="/home/brettmack/gits/Jenkins-Test/src/framework/ViewFactory.php">
      <class name="ViewFactory" namespace="global" fullPackage="bankaccount.framework" package="bankaccount" subpackage="framework">
        <metrics methods="1" coveredmethods="1" conditionals="0" coveredconditionals="0" statements="3" coveredstatements="3" elements="4" coveredelements="4"/>
      </class>
      <line num="8" type="method" name="getView" crap="1" count="1"/>
      <line num="11" type="stmt" count="1"/>
      <line num="12" type="stmt" count="1"/>
      <line num="14" type="stmt" count="1"/>
      <line num="17" type="stmt" count="0"/>
      <metrics loc="16" ncloc="12" classes="1" methods="1" coveredmethods="1" conditionals="0" coveredconditionals="0" statements="3" coveredstatements="3" elements="4" coveredelements="4"/>
    </file>
    <file name="/home/brettmack/gits/Jenkins-Test/src/model/BankAccount.php">
      <class name="BankAccount" namespace="global" fullPackage="bankaccount.model" package="bankaccount" subpackage="model">
        <metrics methods="4" coveredmethods="4" conditionals="0" coveredconditionals="0" statements="9" coveredstatements="9" elements="13" coveredelements="13"/>
      </class>
      <line num="10" type="method" name="getBalance" crap="1" count="1"/>
      <line num="12" type="stmt" count="1"/>
      <line num="15" type="method" name="depositMoney" crap="1" count="2"/>
      <line num="17" type="stmt" count="2"/>
      <line num="19" type="stmt" count="1"/>
      <line num="22" type="method" name="withdrawMoney" crap="1" count="2"/>
      <line num="24" type="stmt" count="2"/>
      <line num="26" type="stmt" count="1"/>
      <line num="29" type="method" name="setBalance" crap="2" count="3"/>
      <line num="31" type="stmt" count="3"/>
      <line num="32" type="stmt" count="2"/>
      <line num="35" type="stmt" count="1"/>
      <line num="36" type="stmt" count="1"/>
      <line num="38" type="stmt" count="0"/>
      <metrics loc="37" ncloc="33" classes="1" methods="4" coveredmethods="4" conditionals="0" coveredconditionals="0" statements="9" coveredstatements="9" elements="13" coveredelements="13"/>
    </file>
    <file name="/home/brettmack/gits/Jenkins-Test/src/model/BankAccountException.php">
      <class name="BankAccountException" namespace="global" fullPackage="bankaccount.model" package="bankaccount" subpackage="model">
        <metrics methods="0" coveredmethods="0" conditionals="0" coveredconditionals="0" statements="0" coveredstatements="0" elements="0" coveredelements="0"/>
      </class>
      <line num="7" type="stmt" count="1"/>
      <line num="9" type="stmt" count="0"/>
      <metrics loc="8" ncloc="4" classes="1" methods="0" coveredmethods="0" conditionals="0" coveredconditionals="0" statements="1" coveredstatements="1" elements="1" coveredelements="1"/>
    </file>
    <file name="/home/brettmack/gits/Jenkins-Test/src/persistence/BankAccountMapper.php">
      <class name="BankAccountMapper" namespace="global" fullPackage="bankaccount.persistence" package="bankaccount" subpackage="persistence">
        <metrics methods="6" coveredmethods="6" conditionals="0" coveredconditionals="0" statements="55" coveredstatements="55" elements="61" coveredelements="61"/>
      </class>
      <line num="11" type="method" name="__construct" crap="1" count="9"/>
      <line num="13" type="stmt" count="9"/>
      <line num="14" type="stmt" count="9"/>
      <line num="15" type="stmt" count="9"/>
      <line num="17" type="method" name="getAllIds" crap="2" count="1"/>
      <line num="19" type="stmt" count="1"/>
      <line num="21" type="stmt" count="1"/>
      <line num="22" type="stmt" count="1"/>
      <line num="23" type="stmt" count="1"/>
      <line num="25" type="stmt" count="1"/>
      <line num="28" type="method" name="findById" crap="3" count="2"/>
      <line num="30" type="stmt" count="2"/>
      <line num="31" type="stmt" count="1"/>
      <line num="34" type="stmt" count="2"/>
      <line num="35" type="stmt" count="2"/>
      <line num="36" type="stmt" count="2"/>
      <line num="38" type="stmt" count="2"/>
      <line num="39" type="stmt" count="2"/>
      <line num="41" type="stmt" count="2"/>
      <line num="43" type="stmt" count="2"/>
      <line num="44" type="stmt" count="1"/>
      <line num="45" type="stmt" count="1"/>
      <line num="46" type="stmt" count="1"/>
      <line num="49" type="stmt" count="1"/>
      <line num="51" type="stmt" count="1"/>
      <line num="52" type="stmt" count="1"/>
      <line num="53" type="stmt" count="1"/>
      <line num="55" type="stmt" count="1"/>
      <line num="57" type="stmt" count="1"/>
      <line num="60" type="method" name="insert" crap="2" count="2"/>
      <line num="62" type="stmt" count="2"/>
      <line num="63" type="stmt" count="1"/>
      <line num="66" type="stmt" count="2"/>
      <line num="67" type="stmt" count="2"/>
      <line num="68" type="stmt" count="2"/>
      <line num="69" type="stmt" count="2"/>
      <line num="70" type="stmt" count="2"/>
      <line num="71" type="stmt" count="2"/>
      <line num="73" type="stmt" count="2"/>
      <line num="74" type="stmt" count="2"/>
      <line num="76" type="method" name="update" crap="2" count="2"/>
      <line num="78" type="stmt" count="2"/>
      <line num="79" type="stmt" count="1"/>
      <line num="82" type="stmt" count="1"/>
      <line num="83" type="stmt" count="1"/>
      <line num="84" type="stmt" count="1"/>
      <line num="85" type="stmt" count="1"/>
      <line num="86" type="stmt" count="1"/>
      <line num="87" type="stmt" count="1"/>
      <line num="88" type="stmt" count="1"/>
      <line num="89" type="stmt" count="1"/>
      <line num="91" type="method" name="delete" crap="2" count="2"/>
      <line num="93" type="stmt" count="2"/>
      <line num="94" type="stmt" count="1"/>
      <line num="97" type="stmt" count="1"/>
      <line num="98" type="stmt" count="1"/>
      <line num="99" type="stmt" count="1"/>
      <line num="100" type="stmt" count="1"/>
      <line num="101" type="stmt" count="1"/>
      <line num="102" type="stmt" count="1"/>
      <line num="103" type="stmt" count="1"/>
      <line num="105" type="stmt" count="0"/>
      <metrics loc="104" ncloc="100" classes="1" methods="6" coveredmethods="6" conditionals="0" coveredconditionals="0" statements="55" coveredstatements="55" elements="61" coveredelements="61"/>
    </file>
    <file name="/home/brettmack/gits/Jenkins-Test/src/view/BankAccountListView.php">
      <class name="BankAccountListView" namespace="global" fullPackage="bankaccount.view" package="bankaccount" subpackage="view">
        <metrics methods="1" coveredmethods="1" conditionals="0" coveredconditionals="0" statements="8" coveredstatements="8" elements="9" coveredelements="9"/>
      </class>
      <line num="8" type="method" name="render" crap="2" count="1"/>
      <line num="10" type="stmt" count="1"/>
      <line num="12" type="stmt" count="1"/>
      <line num="13" type="stmt" count="1"/>
      <line num="14" type="stmt" count="1"/>
      <line num="15" type="stmt" count="1"/>
      <line num="17" type="stmt" count="1"/>
      <line num="18" type="stmt" count="1"/>
      <line num="20" type="stmt" count="1"/>
      <line num="23" type="stmt" count="0"/>
      <metrics loc="22" ncloc="18" classes="1" methods="1" coveredmethods="1" conditionals="0" coveredconditionals="0" statements="8" coveredstatements="8" elements="9" coveredelements="9"/>
    </file>
    <file name="/home/brettmack/gits/Jenkins-Test/src/view/BankAccountView.php">
      <class name="BankAccountView" namespace="global" fullPackage="bankaccount.view" package="bankaccount" subpackage="view">
        <metrics methods="1" coveredmethods="1" conditionals="0" coveredconditionals="0" statements="5" coveredstatements="5" elements="6" coveredelements="6"/>
      </class>
      <line num="8" type="method" name="render" crap="1" count="1"/>
      <line num="10" type="stmt" count="1"/>
      <line num="11" type="stmt" count="1"/>
      <line num="12" type="stmt" count="1"/>
      <line num="13" type="stmt" count="1"/>
      <line num="14" type="stmt" count="1"/>
      <line num="17" type="stmt" count="0"/>
      <metrics loc="16" ncloc="12" classes="1" methods="1" coveredmethods="1" conditionals="0" coveredconditionals="0" statements="5" coveredstatements="5" elements="6" coveredelements="6"/>
    </file>
    <metrics files="20" loc="560" ncloc="480" classes="20" methods="36" coveredmethods="36" conditionals="0" coveredconditionals="0" statements="182" coveredstatements="182" elements="218" coveredelements="218"/>
  </project>
</coverage>
